<?xml version="1.0" encoding="UTF-8"?>
<!-- Generated by org.testng.reporters.JUnitReportReporter -->
<testsuite hostname="LAPTOP-PJ7L08O1" failures="6" tests="19" name="features.TestNGTestRunner" time="702.789" errors="1" timestamp="08 Apr 2023 00:07:27 GMT" skipped="0">
  <testcase classname="features.TestNGTestRunner" name="runScenario" time="37.192"/>
  <testcase classname="features.TestNGTestRunner" name="runScenario" time="36.199"/>
  <testcase classname="features.TestNGTestRunner" name="runScenario" time="36.597"/>
  <testcase classname="features.TestNGTestRunner" name="runScenario" time="37.462"/>
  <testcase classname="features.TestNGTestRunner" name="runScenario" time="42.758"/>
  <testcase classname="features.TestNGTestRunner" name="runScenario" time="36.567"/>
  <testcase classname="features.TestNGTestRunner" name="runScenario" time="35.771"/>
  <testcase classname="features.TestNGTestRunner" name="runScenario" time="36.831"/>
  <testcase classname="features.TestNGTestRunner" name="runScenario" time="31.922">
    <failure type="java.lang.AssertionError">
      <![CDATA[java.lang.AssertionError
at org.junit.Assert.fail(Assert.java:86)
at org.junit.Assert.assertTrue(Assert.java:41)
at org.junit.Assert.assertTrue(Assert.java:52)
at StepDefinitions.ItemSearchSteps.user_searches_for_item(ItemSearchSteps.java:46)
at ✽.User Searches For Faucet Parts(file:///C:/Users/lordr/AppiumWorkspace/AmazonFramework/Automation/src/test/java/features/SearchForItem.feature:8)
]]>
    </failure>
  </testcase> <!-- runScenario -->
  <testcase classname="features.TestNGTestRunner" name="runScenario" time="36.542">
    <failure type="java.lang.AssertionError">
      <![CDATA[java.lang.AssertionError
at org.junit.Assert.fail(Assert.java:86)
at org.junit.Assert.assertTrue(Assert.java:41)
at org.junit.Assert.assertTrue(Assert.java:52)
at StepDefinitions.ItemSearchSteps.product_details_page_corresponding_with_selected_entry_is_displayed(ItemSearchSteps.java:78)
at ✽.Product details Page Corresponding with selected entry is displayed(file:///C:/Users/lordr/AppiumWorkspace/AmazonFramework/Automation/src/test/java/features/SearchForItem.feature:10)
]]>
    </failure>
  </testcase> <!-- runScenario -->
  <testcase classname="features.TestNGTestRunner" name="runScenario" time="43.881"/>
  <testcase classname="features.TestNGTestRunner" name="runScenario" time="37.964">
    <failure type="java.lang.AssertionError">
      <![CDATA[java.lang.AssertionError
at org.junit.Assert.fail(Assert.java:86)
at org.junit.Assert.assertTrue(Assert.java:41)
at org.junit.Assert.assertTrue(Assert.java:52)
at StepDefinitions.ItemSearchSteps.user_is_navigated_to_item_search_results_page_selects_first_item_on_search_page(ItemSearchSteps.java:62)
at ✽.User is navigated to item category select Page, selects first category on page(file:///C:/Users/lordr/AppiumWorkspace/AmazonFramework/Automation/src/test/java/features/SearchForItem.feature:9)
]]>
    </failure>
  </testcase> <!-- runScenario -->
  <testcase classname="features.TestNGTestRunner" name="runScenario" time="37.465"/>
  <testcase classname="features.TestNGTestRunner" name="runScenario" time="36.164"/>
  <testcase classname="features.TestNGTestRunner" name="runScenario" time="35.195"/>
  <testcase classname="features.TestNGTestRunner" name="runScenario" time="38.189">
    <failure type="java.lang.AssertionError">
      <![CDATA[java.lang.AssertionError
at org.junit.Assert.fail(Assert.java:86)
at org.junit.Assert.assertTrue(Assert.java:41)
at org.junit.Assert.assertTrue(Assert.java:52)
at StepDefinitions.ItemSearchSteps.user_is_navigated_to_item_search_results_page_selects_first_item_on_search_page(ItemSearchSteps.java:67)
at ✽.User is navigated to item category select Page, selects first category on page(file:///C:/Users/lordr/AppiumWorkspace/AmazonFramework/Automation/src/test/java/features/SearchForItem.feature:9)
]]>
    </failure>
  </testcase> <!-- runScenario -->
  <testcase classname="features.TestNGTestRunner" name="runScenario" time="35.317">
    <failure type="java.lang.AssertionError">
      <![CDATA[java.lang.AssertionError
at org.junit.Assert.fail(Assert.java:86)
at org.junit.Assert.assertTrue(Assert.java:41)
at org.junit.Assert.assertTrue(Assert.java:52)
at StepDefinitions.ItemSearchSteps.product_details_page_corresponding_with_selected_entry_is_displayed(ItemSearchSteps.java:78)
at ✽.Product details Page Corresponding with selected entry is displayed(file:///C:/Users/lordr/AppiumWorkspace/AmazonFramework/Automation/src/test/java/features/SearchForItem.feature:10)
]]>
    </failure>
  </testcase> <!-- runScenario -->
  <testcase classname="features.TestNGTestRunner" name="runScenario" time="38.796">
    <error message="Expected condition failed: waiting for presence of element located by: By.xpath: //h1[@font-size=&#039;22,,24,,34&#039;] (tried for 30 second(s) with 500 milliseconds interval)" type="org.openqa.selenium.TimeoutException">
      <![CDATA[org.openqa.selenium.TimeoutException: Expected condition failed: waiting for presence of element located by: By.xpath: //h1[@font-size='22,,24,,34'] (tried for 30 second(s) with 500 milliseconds interval)
at org.openqa.selenium.support.ui.WebDriverWait.timeoutException(WebDriverWait.java:87)
at org.openqa.selenium.support.ui.FluentWait.until(FluentWait.java:231)
at pageObjectModels.CategorySearchPage.<init>(CategorySearchPage.java:22)
at StepDefinitions.ItemSearchSteps.user_searches_for_item(ItemSearchSteps.java:41)
at ✽.User Searches For Well Tanks(file:///C:/Users/lordr/AppiumWorkspace/AmazonFramework/Automation/src/test/java/features/SearchForItem.feature:8)
Caused by: org.openqa.selenium.NoSuchElementException: no such element: Unable to locate element: {"method":"xpath","selector":"//h1[@font-size='22,,24,,34']"}
  (Session info: chrome=111.0.5563.148)
For documentation on this error, please visit: https://selenium.dev/exceptions/#no_such_element
Build info: version: '4.8.0', revision: '267030adea'
System info: os.name: 'Windows 10', os.arch: 'amd64', os.version: '10.0', java.version: '19.0.2'
Driver info: org.openqa.selenium.chrome.ChromeDriver
Command: [f7be930b205e22bbc58182f1c0aa7947, findElement {using=xpath, value=//h1[@font-size='22,,24,,34']}]
Capabilities {acceptInsecureCerts: false, browserName: chrome, browserVersion: 111.0.5563.148, chrome: {chromedriverVersion: 111.0.5563.19 (378a38865270..., userDataDir: C:\Users\lordr\AppData\Loca...}, goog:chromeOptions: {debuggerAddress: localhost:61135}, networkConnectionEnabled: false, pageLoadStrategy: normal, platformName: WINDOWS, proxy: Proxy(), se:cdp: ws://localhost:61135/devtoo..., se:cdpVersion: 111.0.5563.148, setWindowRect: true, strictFileInteractability: false, timeouts: {implicit: 0, pageLoad: 300000, script: 30000}, unhandledPromptBehavior: dismiss and notify, webauthn:extension:credBlob: true, webauthn:extension:largeBlob: true, webauthn:extension:minPinLength: true, webauthn:extension:prf: true, webauthn:virtualAuthenticators: true}
Session ID: f7be930b205e22bbc58182f1c0aa7947
at java.base/jdk.internal.reflect.DirectConstructorHandleAccessor.newInstance(DirectConstructorHandleAccessor.java:67)
at java.base/java.lang.reflect.Constructor.newInstanceWithCaller(Constructor.java:500)
at java.base/java.lang.reflect.Constructor.newInstance(Constructor.java:484)
at org.openqa.selenium.remote.codec.w3c.W3CHttpResponseCodec.createException(W3CHttpResponseCodec.java:200)
at org.openqa.selenium.remote.codec.w3c.W3CHttpResponseCodec.decode(W3CHttpResponseCodec.java:133)
at org.openqa.selenium.remote.codec.w3c.W3CHttpResponseCodec.decode(W3CHttpResponseCodec.java:53)
at org.openqa.selenium.remote.HttpCommandExecutor.execute(HttpCommandExecutor.java:184)
at org.openqa.selenium.remote.service.DriverCommandExecutor.invokeExecute(DriverCommandExecutor.java:167)
at org.openqa.selenium.remote.service.DriverCommandExecutor.execute(DriverCommandExecutor.java:142)
at org.openqa.selenium.remote.RemoteWebDriver.execute(RemoteWebDriver.java:543)
at org.openqa.selenium.remote.ElementLocation$ElementFinder$2.findElement(ElementLocation.java:162)
at org.openqa.selenium.remote.ElementLocation.findElement(ElementLocation.java:60)
at org.openqa.selenium.remote.RemoteWebDriver.findElement(RemoteWebDriver.java:352)
at org.openqa.selenium.remote.RemoteWebDriver.findElement(RemoteWebDriver.java:344)
at org.openqa.selenium.support.ui.ExpectedConditions$6.apply(ExpectedConditions.java:174)
at org.openqa.selenium.support.ui.ExpectedConditions$6.apply(ExpectedConditions.java:171)
at org.openqa.selenium.support.ui.FluentWait.until(FluentWait.java:208)
at pageObjectModels.CategorySearchPage.<init>(CategorySearchPage.java:22)
at StepDefinitions.ItemSearchSteps.user_searches_for_item(ItemSearchSteps.java:41)
at java.base/jdk.internal.reflect.DirectMethodHandleAccessor.invoke(DirectMethodHandleAccessor.java:104)
at java.base/java.lang.reflect.Method.invoke(Method.java:578)
at io.cucumber.java.Invoker.doInvoke(Invoker.java:66)
at io.cucumber.java.Invoker.invoke(Invoker.java:24)
at io.cucumber.java.AbstractGlueDefinition.invokeMethod(AbstractGlueDefinition.java:47)
at io.cucumber.java.JavaStepDefinition.execute(JavaStepDefinition.java:29)
at io.cucumber.core.runner.CoreStepDefinition.execute(CoreStepDefinition.java:66)
at io.cucumber.core.runner.PickleStepDefinitionMatch.runStep(PickleStepDefinitionMatch.java:63)
at io.cucumber.core.runner.ExecutionMode$1.execute(ExecutionMode.java:10)
at io.cucumber.core.runner.TestStep.executeStep(TestStep.java:85)
at io.cucumber.core.runner.TestStep.run(TestStep.java:57)
at io.cucumber.core.runner.PickleStepTestStep.run(PickleStepTestStep.java:51)
at io.cucumber.core.runner.TestCase.run(TestCase.java:84)
at io.cucumber.core.runner.Runner.runPickle(Runner.java:75)
at io.cucumber.testng.TestNGCucumberRunner.lambda$runScenario$1(TestNGCucumberRunner.java:132)
at io.cucumber.core.runtime.CucumberExecutionContext.lambda$runTestCase$5(CucumberExecutionContext.java:129)
at io.cucumber.core.runtime.RethrowingThrowableCollector.executeAndThrow(RethrowingThrowableCollector.java:23)
at io.cucumber.core.runtime.CucumberExecutionContext.runTestCase(CucumberExecutionContext.java:129)
at io.cucumber.testng.TestNGCucumberRunner.runScenario(TestNGCucumberRunner.java:129)
at io.cucumber.testng.AbstractTestNGCucumberTests.runScenario(AbstractTestNGCucumberTests.java:35)
at java.base/jdk.internal.reflect.DirectMethodHandleAccessor.invoke(DirectMethodHandleAccessor.java:104)
at java.base/java.lang.reflect.Method.invoke(Method.java:578)
at org.testng.internal.MethodInvocationHelper.invokeMethod(MethodInvocationHelper.java:124)
at org.testng.internal.Invoker.invokeMethod(Invoker.java:583)
at org.testng.internal.Invoker.invokeTestMethod(Invoker.java:719)
at org.testng.internal.Invoker.invokeTestMethods(Invoker.java:989)
at org.testng.internal.TestMethodWorker.invokeTestMethods(TestMethodWorker.java:125)
at org.testng.internal.TestMethodWorker.run(TestMethodWorker.java:109)
at org.testng.TestRunner.privateRun(TestRunner.java:648)
at org.testng.TestRunner.run(TestRunner.java:505)
at org.testng.SuiteRunner.runTest(SuiteRunner.java:455)
at org.testng.SuiteRunner.runSequentially(SuiteRunner.java:450)
at org.testng.SuiteRunner.privateRun(SuiteRunner.java:415)
at org.testng.SuiteRunner.run(SuiteRunner.java:364)
at org.testng.SuiteRunnerWorker.runSuite(SuiteRunnerWorker.java:52)
at org.testng.SuiteRunnerWorker.run(SuiteRunnerWorker.java:84)
at org.testng.TestNG.runSuitesSequentially(TestNG.java:1208)
at org.testng.TestNG.runSuitesLocally(TestNG.java:1137)
at org.testng.TestNG.runSuites(TestNG.java:1049)
at org.testng.TestNG.run(TestNG.java:1017)
at org.testng.remote.AbstractRemoteTestNG.run(AbstractRemoteTestNG.java:115)
at org.testng.remote.RemoteTestNG.initAndRun(RemoteTestNG.java:251)
at org.testng.remote.RemoteTestNG.main(RemoteTestNG.java:77)
]]>
    </error>
  </testcase> <!-- runScenario -->
  <testcase classname="features.TestNGTestRunner" name="runScenario" time="31.977">
    <failure type="java.lang.AssertionError">
      <![CDATA[java.lang.AssertionError
at org.junit.Assert.fail(Assert.java:86)
at org.junit.Assert.assertTrue(Assert.java:41)
at org.junit.Assert.assertTrue(Assert.java:52)
at StepDefinitions.ItemSearchSteps.user_searches_for_item(ItemSearchSteps.java:43)
at ✽.User Searches For Water Filters(file:///C:/Users/lordr/AppiumWorkspace/AmazonFramework/Automation/src/test/java/features/SearchForItem.feature:8)
]]>
    </failure>
  </testcase> <!-- runScenario -->
</testsuite> <!-- features.TestNGTestRunner -->
